# JRE version: Java(TM) SE Runtime Environment (8.0_202-b08) (build 1.8.0_202-b08)
# Java VM: Java HotSpot(TM) 64-Bit Server VM (25.202-b08 mixed mode windows-amd64 compressed oops)
Heap:
 PSYoungGen      total 215040K, used 67636K [0x000000076ab00000, 0x0000000778900000, 0x00000007c0000000)
  eden space 209408K, 29% used [0x000000076ab00000,0x000000076e790388,0x0000000777780000)
  from space 5632K, 99% used [0x0000000778380000,0x00000007788fcf38,0x0000000778900000)
  to   space 8192K, 0% used [0x0000000777900000,0x0000000777900000,0x0000000778100000)
 ParOldGen       total 94208K, used 14867K [0x00000006c0000000, 0x00000006c5c00000, 0x000000076ab00000)
  object space 94208K, 15% used [0x00000006c0000000,0x00000006c0e84f08,0x00000006c5c00000)
 Metaspace       used 44452K, capacity 44654K, committed 44928K, reserved 1089536K
  class space    used 5125K, capacity 5206K, committed 5248K, reserved 1048576K
GC Heap History (10 events):
Event: 3.476 GC heap before
{Heap before GC invocations=8 (full 1):
 PSYoungGen      total 141824K, used 131072K [0x000000076ab00000, 0x0000000774000000, 0x00000007c0000000)
  eden space 131072K, 100% used [0x000000076ab00000,0x0000000772b00000,0x0000000772b00000)
  from space 10752K, 0% used [0x0000000773580000,0x0000000773580000,0x0000000774000000)
  to   space 10752K, 0% used [0x0000000772b00000,0x0000000772b00000,0x0000000773580000)
 ParOldGen       total 94208K, used 6807K [0x00000006c0000000, 0x00000006c5c00000, 0x000000076ab00000)
  object space 94208K, 7% used [0x00000006c0000000,0x00000006c06a5f90,0x00000006c5c00000)
 Metaspace       used 25906K, capacity 26010K, committed 26112K, reserved 1073152K
  class space    used 2982K, capacity 3031K, committed 3072K, reserved 1048576K
Event: 3.482 GC heap after
Heap after GC invocations=8 (full 1):
 PSYoungGen      total 141824K, used 4652K [0x000000076ab00000, 0x0000000778c00000, 0x00000007c0000000)
  eden space 131072K, 0% used [0x000000076ab00000,0x000000076ab00000,0x0000000772b00000)
  from space 10752K, 43% used [0x0000000772b00000,0x0000000772f8b2f0,0x0000000773580000)
  to   space 8704K, 0% used [0x0000000778380000,0x0000000778380000,0x0000000778c00000)
 ParOldGen       total 94208K, used 6815K [0x00000006c0000000, 0x00000006c5c00000, 0x000000076ab00000)
  object space 94208K, 7% used [0x00000006c0000000,0x00000006c06a7f90,0x00000006c5c00000)
 Metaspace       used 25906K, capacity 26010K, committed 26112K, reserved 1073152K
  class space    used 2982K, capacity 3031K, committed 3072K, reserved 1048576K
}
Event: 4.179 GC heap before
{Heap before GC invocations=9 (full 1):
 PSYoungGen      total 141824K, used 135724K [0x000000076ab00000, 0x0000000778c00000, 0x00000007c0000000)
  eden space 131072K, 100% used [0x000000076ab00000,0x0000000772b00000,0x0000000772b00000)
  from space 10752K, 43% used [0x0000000772b00000,0x0000000772f8b2f0,0x0000000773580000)
  to   space 8704K, 0% used [0x0000000778380000,0x0000000778380000,0x0000000778c00000)
 ParOldGen       total 94208K, used 6815K [0x00000006c0000000, 0x00000006c5c00000, 0x000000076ab00000)
  object space 94208K, 7% used [0x00000006c0000000,0x00000006c06a7f90,0x00000006c5c00000)
 Metaspace       used 30099K, capacity 30240K, committed 30464K, reserved 1077248K
  class space    used 3514K, capacity 3544K, committed 3584K, reserved 1048576K
Event: 4.189 GC heap after
Heap after GC invocations=9 (full 1):
 PSYoungGen      total 215040K, used 5522K [0x000000076ab00000, 0x0000000778900000, 0x00000007c0000000)
  eden space 209408K, 0% used [0x000000076ab00000,0x000000076ab00000,0x0000000777780000)
  from space 5632K, 98% used [0x0000000778380000,0x00000007788e4b48,0x0000000778900000)
  to   space 8192K, 0% used [0x0000000777900000,0x0000000777900000,0x0000000778100000)
 ParOldGen       total 94208K, used 6815K [0x00000006c0000000, 0x00000006c5c00000, 0x000000076ab00000)
  object space 94208K, 7% used [0x00000006c0000000,0x00000006c06a7f90,0x00000006c5c00000)
 Metaspace       used 30099K, capacity 30240K, committed 30464K, reserved 1077248K
  class space    used 3514K, capacity 3544K, committed 3584K, reserved 1048576K
}
Event: 5.210 GC heap before
{Heap before GC invocations=10 (full 1):
 PSYoungGen      total 215040K, used 179127K [0x000000076ab00000, 0x0000000778900000, 0x00000007c0000000)
  eden space 209408K, 82% used [0x000000076ab00000,0x0000000775489218,0x0000000777780000)
  from space 5632K, 98% used [0x0000000778380000,0x00000007788e4b48,0x0000000778900000)
  to   space 8192K, 0% used [0x0000000777900000,0x0000000777900000,0x0000000778100000)
 ParOldGen       total 94208K, used 6815K [0x00000006c0000000, 0x00000006c5c00000, 0x000000076ab00000)
  object space 94208K, 7% used [0x00000006c0000000,0x00000006c06a7f90,0x00000006c5c00000)
 Metaspace       used 35112K, capacity 35246K, committed 35456K, reserved 1081344K
  class space    used 4098K, capacity 4160K, committed 4224K, reserved 1048576K
Event: 5.222 GC heap after
Heap after GC invocations=10 (full 1):
 PSYoungGen      total 217600K, used 8089K [0x000000076ab00000, 0x0000000778900000, 0x00000007c0000000)
  eden space 209408K, 0% used [0x000000076ab00000,0x000000076ab00000,0x0000000777780000)
  from space 8192K, 98% used [0x0000000777900000,0x00000007780e6710,0x0000000778100000)
  to   space 5632K, 0% used [0x0000000778380000,0x0000000778380000,0x0000000778900000)
 ParOldGen       total 94208K, used 6823K [0x00000006c0000000, 0x00000006c5c00000, 0x000000076ab00000)
  object space 94208K, 7% used [0x00000006c0000000,0x00000006c06a9f90,0x00000006c5c00000)
 Metaspace       used 35112K, capacity 35246K, committed 35456K, reserved 1081344K
  class space    used 4098K, capacity 4160K, committed 4224K, reserved 1048576K
}
Event: 5.222 GC heap before
{Heap before GC invocations=11 (full 2):
 PSYoungGen      total 217600K, used 8089K [0x000000076ab00000, 0x0000000778900000, 0x00000007c0000000)
  eden space 209408K, 0% used [0x000000076ab00000,0x000000076ab00000,0x0000000777780000)
  from space 8192K, 98% used [0x0000000777900000,0x00000007780e6710,0x0000000778100000)
  to   space 5632K, 0% used [0x0000000778380000,0x0000000778380000,0x0000000778900000)
 ParOldGen       total 94208K, used 6823K [0x00000006c0000000, 0x00000006c5c00000, 0x000000076ab00000)
  object space 94208K, 7% used [0x00000006c0000000,0x00000006c06a9f90,0x00000006c5c00000)
 Metaspace       used 35112K, capacity 35246K, committed 35456K, reserved 1081344K
  class space    used 4098K, capacity 4160K, committed 4224K, reserved 1048576K
Event: 5.299 GC heap after
Heap after GC invocations=11 (full 2):
 PSYoungGen      total 217600K, used 0K [0x000000076ab00000, 0x0000000778900000, 0x00000007c0000000)
  eden space 209408K, 0% used [0x000000076ab00000,0x000000076ab00000,0x0000000777780000)
  from space 8192K, 0% used [0x0000000777900000,0x0000000777900000,0x0000000778100000)
  to   space 5632K, 0% used [0x0000000778380000,0x0000000778380000,0x0000000778900000)
 ParOldGen       total 94208K, used 13866K [0x00000006c0000000, 0x00000006c5c00000, 0x000000076ab00000)
  object space 94208K, 14% used [0x00000006c0000000,0x00000006c0d8aa38,0x00000006c5c00000)
 Metaspace       used 35112K, capacity 35246K, committed 35456K, reserved 1081344K
  class space    used 4098K, capacity 4160K, committed 4224K, reserved 1048576K
}
Event: 6.301 GC heap before
{Heap before GC invocations=12 (full 2):
 PSYoungGen      total 217600K, used 209408K [0x000000076ab00000, 0x0000000778900000, 0x00000007c0000000)
  eden space 209408K, 100% used [0x000000076ab00000,0x0000000777780000,0x0000000777780000)
  from space 8192K, 0% used [0x0000000777900000,0x0000000777900000,0x0000000778100000)
  to   space 5632K, 0% used [0x0000000778380000,0x0000000778380000,0x0000000778900000)
 ParOldGen       total 94208K, used 13866K [0x00000006c0000000, 0x00000006c5c00000, 0x000000076ab00000)
  object space 94208K, 14% used [0x00000006c0000000,0x00000006c0d8aa38,0x00000006c5c00000)
 Metaspace       used 42550K, capacity 42830K, committed 43136K, reserved 1087488K
  class space    used 4897K, capacity 4982K, committed 4992K, reserved 1048576K
Event: 6.307 GC heap after
Heap after GC invocations=12 (full 2):
 PSYoungGen      total 215040K, used 5619K [0x000000076ab00000, 0x0000000778900000, 0x00000007c0000000)
  eden space 209408K, 0% used [0x000000076ab00000,0x000000076ab00000,0x0000000777780000)
  from space 5632K, 99% used [0x0000000778380000,0x00000007788fcf38,0x0000000778900000)
  to   space 8192K, 0% used [0x0000000777900000,0x0000000777900000,0x0000000778100000)
 ParOldGen       total 94208K, used 14867K [0x00000006c0000000, 0x00000006c5c00000, 0x000000076ab00000)
  object space 94208K, 15% used [0x00000006c0000000,0x00000006c0e84f08,0x00000006c5c00000)
 Metaspace       used 42550K, capacity 42830K, committed 43136K, reserved 1087488K
  class space    used 4897K, capacity 4982K, committed 4992K, reserved 1048576K
}

